GB_D2C/proguard/seeds.txt
android.support.v4.app.NavUtils$NavUtilsImplJB
android.support.v4.app.NavUtils$NavUtilsImplJB: NavUtils$NavUtilsImplJB()
android.support.v4.app.NavUtils$NavUtilsImplJB: android.content.Intent getParentActivityIntent(android.app.Activity)
android.support.v4.app.NavUtils$NavUtilsImplJB: android.content.Intent superGetParentActivityIntent(android.app.Activity)
android.support.v4.app.NavUtils$NavUtilsImplJB: boolean shouldUpRecreateTask(android.app.Activity,android.content.Intent)
android.support.v4.app.NavUtils$NavUtilsImplJB: void navigateUpTo(android.app.Activity,android.content.Intent)
android.support.v4.app.NavUtils$NavUtilsImplJB: java.lang.String getParentActivityName(android.content.Context,android.content.pm.ActivityInfo)
android.support.v4.app.NavUtilsJB
android.support.v4.app.NavUtilsJB: NavUtilsJB()
android.support.v4.app.NavUtilsJB: android.content.Intent getParentActivityIntent(android.app.Activity)
android.support.v4.app.NavUtilsJB: boolean shouldUpRecreateTask(android.app.Activity,android.content.Intent)
android.support.v4.app.NavUtilsJB: void navigateUpTo(android.app.Activity,android.content.Intent)
android.support.v4.app.NavUtilsJB: java.lang.String getParentActivityName(android.content.pm.ActivityInfo)
android.support.v4.app.NoSaveStateFrameLayout
android.support.v4.app.NoSaveStateFrameLayout: android.view.ViewGroup wrap(android.view.View)
android.support.v4.app.NoSaveStateFrameLayout: NoSaveStateFrameLayout(android.content.Context)
android.support.v4.app.NoSaveStateFrameLayout: void dispatchSaveInstanceState(android.util.SparseArray)
android.support.v4.app.NoSaveStateFrameLayout: void dispatchRestoreInstanceState(android.util.SparseArray)
android.support.v4.app.NotificationCompat
android.support.v4.app.NotificationCompat: int FLAG_HIGH_PRIORITY
android.support.v4.app.NotificationCompat: int PRIORITY_DEFAULT
android.support.v4.app.NotificationCompat: int PRIORITY_LOW
android.support.v4.app.NotificationCompat: int PRIORITY_MIN
android.support.v4.app.NotificationCompat: int PRIORITY_HIGH
android.support.v4.app.NotificationCompat: int PRIORITY_MAX
android.support.v4.app.NotificationCompat: android.support.v4.app.NotificationCompat$NotificationCompatImpl IMPL
android.support.v4.app.NotificationCompat: NotificationCompat()
android.support.v4.app.NotificationCompat: android.support.v4.app.NotificationCompat$NotificationCompatImpl access$000()
android.support.v4.app.NotificationCompat: void <clinit>()
android.support.v4.app.NotificationCompat$Action
android.support.v4.app.NotificationCompat$Action: int icon
android.support.v4.app.NotificationCompat$Action: java.lang.CharSequence title
android.support.v4.app.NotificationCompat$Action: android.app.PendingIntent actionIntent
android.support.v4.app.NotificationCompat$Action: NotificationCompat$Action(int,java.lang.CharSequence,android.app.PendingIntent)